C51 COMPILER V9.60.0.0   BUZZER                                                            10/14/2021 10:01:19 PAGE 1   


C51 COMPILER V9.60.0.0, COMPILATION OF MODULE BUZZER
OBJECT MODULE PLACED IN .\Objects\buzzer.obj
COMPILER INVOKED BY: C:\Keil_v5\C51\BIN\C51.EXE buzzer.c OPTIMIZE(8,SPEED) BROWSE DEBUG OBJECTEXTEND PRINT(.\Listings\bu
                    -zzer.lst) TABS(2) OBJECT(.\Objects\buzzer.obj)

line level    source

   1          #include <reg52.h>
   2          
   3          sbit pin_LED=P1^5;
   4          
   5          bit state_LED_G;
   6          
   7          void Init_LED(void);
   8          void changing_LED_state(void);
   9          void DELAY_wait(const unsigned int);
  10          
  11          void main (void)
  12          {
  13   1      Init_LED();
  14   1      
  15   1      while(1)
  16   1      {
  17   2      changing_LED_state();
  18   2      DELAY_wait(1000);
  19   2      }
  20   1      
  21   1      }
  22          
  23          
  24          void Init_LED(void)
  25          {
  26   1      state_LED_G=0;
  27   1      }
  28          
  29          void changing_LED_state(void)
  30          {
  31   1      if(state_LED_G==0)
  32   1      { 
  33   2      
  34   2      state_LED_G=1;
  35   2      pin_LED =1;
  36   2      }
  37   1      else
  38   1      {
  39   2      state_LED_G=0;
  40   2      pin_LED =0;
  41   2      }
  42   1      }
  43          
  44          
  45          void DElay_wait (const unsigned int DELAY)
  46          {
  47   1      unsigned int x,y;
  48   1      for(x=0;x<=DELAY;x++)
  49   1      {
  50   2      for(y=0;y<=120;y++);
  51   2      }
  52   1      }
  53          
  54          
C51 COMPILER V9.60.0.0   BUZZER                                                            10/14/2021 10:01:19 PAGE 2   



MODULE INFORMATION:   STATIC OVERLAYABLE
   CODE SIZE        =     63    ----
   CONSTANT SIZE    =   ----    ----
   XDATA SIZE       =   ----    ----
   PDATA SIZE       =   ----    ----
   DATA SIZE        =   ----    ----
   IDATA SIZE       =   ----    ----
   BIT SIZE         =      1    ----
END OF MODULE INFORMATION.


C51 COMPILATION COMPLETE.  0 WARNING(S),  0 ERROR(S)
