C51 COMPILER V9.60.0.0   FLASHING_LED_PIN                                                  10/18/2021 19:06:35 PAGE 1   


C51 COMPILER V9.60.0.0, COMPILATION OF MODULE FLASHING_LED_PIN
OBJECT MODULE PLACED IN .\Objects\FLASHING_LED_PIN.obj
COMPILER INVOKED BY: C:\Keil_v5\C51\BIN\C51.EXE FLASHING_LED_PIN.c OPTIMIZE(8,SPEED) BROWSE DEBUG OBJECTEXTEND PRINT(.\L
                    -istings\FLASHING_LED_PIN.lst) TABS(2) OBJECT(.\Objects\FLASHING_LED_PIN.obj)

line level    source

   1          #include<reg52.H>
   2          sbit LED_PIN =P1^5;
   3          bit LED_state;
   4          void LED_Init();
   5          void changing_state();
   6          void DELAY_wait();
   7          
   8          void main (void)
   9          {
  10   1      LED_Init();
  11   1      while(1)
  12   1      {
  13   2      changing_state();
  14   2      DELAY_wait(1000);
*** ERROR C267 IN LINE 14 OF FLASHING_LED_PIN.c: 'DELAY_wait': requires ANSI-style prototype
  15   2      }
  16   1      }
  17          void LED_Init()
  18          {
  19   1      LED_state=0;
  20   1      }
  21          void changing_state()
  22          {
  23   1      if(LED_state==0)
  24   1      {
  25   2      LED_PIN=1;
  26   2      LED_state=1;
  27   2      }
  28   1      else
  29   1      {
  30   2      LED_PIN=0;
  31   2      LED_state=0;
  32   2      }
  33   1      }
  34          void DELAY_wait(const unsigned int DELAY)
  35          {
  36   1      unsigned int x,y;
  37   1      for(x=0;x<=DELAY;x++)
  38   1        {
  39   2      for(y=0;y<=120;y++);
  40   2        }
  41   1      }

C51 COMPILATION COMPLETE.  0 WARNING(S),  1 ERROR(S)
